{
  "stats": {
    "suites": 4,
    "tests": 13,
    "passes": 13,
    "pending": 0,
    "failures": 0,
    "testsRegistered": 13,
    "passPercent": 100,
    "pendingPercent": 0,
    "other": 0,
    "hasOther": false,
    "skipped": 0,
    "hasSkipped": false,
    "start": "2025-08-31T23:15:45.973Z",
    "end": "2025-08-31T23:18:27.204Z",
    "duration": 161231
  },
  "results": [
    {
      "uuid": "cbab222d-6de4-45a3-bfe4-f4d3ad64d7f4",
      "title": "",
      "fullFile": "cypress\\e2e\\endereco.cy.js",
      "file": "cypress\\e2e\\endereco.cy.js",
      "beforeHooks": [],
      "afterHooks": [],
      "tests": [],
      "suites": [
        {
          "uuid": "48a32a61-1aca-4521-812c-d55fd78a6a98",
          "title": "Funcionalidade endereço - Faturamento e entrega",
          "fullFile": "",
          "file": "",
          "beforeHooks": [],
          "afterHooks": [],
          "tests": [
            {
              "title": "Deve fazer cadastro de faturamento com sucesso",
              "fullTitle": "Funcionalidade endereço - Faturamento e entrega Deve fazer cadastro de faturamento com sucesso",
              "timedOut": null,
              "duration": 18013,
              "state": "passed",
              "speed": "slow",
              "pass": true,
              "fail": false,
              "pending": false,
              "context": null,
              "code": "_endereco.default.editarEnderecoFaturamento('Teste', 'Qualitativo', 'TesteInternacional', 'Brasil', 'Av Paulista', 'Unidade01', 'São Paulo', 'São Paulo', '01310-000', '99999-9999', 'teste_aluno11@teste.com');\ncy.get('.woocommerce-message').should('contain', 'Endereço alterado com sucesso.');",
              "err": {},
              "uuid": "f7795a09-ba45-402a-a7e9-f1846e1d5367",
              "parentUUID": "48a32a61-1aca-4521-812c-d55fd78a6a98",
              "isHook": false,
              "skipped": false
            },
            {
              "title": "Deve fazer cadastro de faturamento com sucesso - Usando arquivos de dados",
              "fullTitle": "Funcionalidade endereço - Faturamento e entrega Deve fazer cadastro de faturamento com sucesso - Usando arquivos de dados",
              "timedOut": null,
              "duration": 13097,
              "state": "passed",
              "speed": "slow",
              "pass": true,
              "fail": false,
              "pending": false,
              "context": null,
              "code": "_endereco.default.editarEnderecoFaturamento(dadosEndereco[1].nome, dadosEndereco[1].sobrenome, dadosEndereco[1].empresa, dadosEndereco[1].pais, dadosEndereco[1].endereco, dadosEndereco[1].complementar, dadosEndereco[1].cidade, dadosEndereco[1].estado, dadosEndereco[1].cep, dadosEndereco[1].telefone, dadosEndereco[1].email);\ncy.get('.woocommerce-message').should('contain', 'Endereço alterado com sucesso.');",
              "err": {},
              "uuid": "cd660601-d2f1-4c88-a08d-89957399b428",
              "parentUUID": "48a32a61-1aca-4521-812c-d55fd78a6a98",
              "isHook": false,
              "skipped": false
            },
            {
              "title": "Deve fazer múltiplos cadastro de faturamento com sucesso - Usando arquivos de dados",
              "fullTitle": "Funcionalidade endereço - Faturamento e entrega Deve fazer múltiplos cadastro de faturamento com sucesso - Usando arquivos de dados",
              "timedOut": null,
              "duration": 36356,
              "state": "passed",
              "speed": "slow",
              "pass": true,
              "fail": false,
              "pending": false,
              "context": null,
              "code": "for (var i = 0; i < dadosEndereco.length; i++) {\n  _endereco.default.editarEnderecoFaturamento(dadosEndereco[i].nome, dadosEndereco[i].sobrenome, dadosEndereco[i].empresa, dadosEndereco[i].pais, dadosEndereco[i].endereco, dadosEndereco[i].complementar, dadosEndereco[i].cidade, dadosEndereco[i].estado, dadosEndereco[i].cep, dadosEndereco[i].telefone, dadosEndereco[i].email);\n  cy.get('.woocommerce-message').should('contain', 'Endereço alterado com sucesso.');\n}",
              "err": {},
              "uuid": "2b7a2446-9a0b-4556-be4f-7f2fd217c185",
              "parentUUID": "48a32a61-1aca-4521-812c-d55fd78a6a98",
              "isHook": false,
              "skipped": false
            }
          ],
          "suites": [],
          "passes": [
            "f7795a09-ba45-402a-a7e9-f1846e1d5367",
            "cd660601-d2f1-4c88-a08d-89957399b428",
            "2b7a2446-9a0b-4556-be4f-7f2fd217c185"
          ],
          "failures": [],
          "pending": [],
          "skipped": [],
          "duration": 67466,
          "root": false,
          "rootEmpty": false,
          "_timeout": 2000
        }
      ],
      "passes": [],
      "failures": [],
      "pending": [],
      "skipped": [],
      "duration": 0,
      "root": true,
      "rootEmpty": true,
      "_timeout": 2000
    },
    {
      "uuid": "3bbb8747-27a1-4779-862c-ba32b2c2ace5",
      "title": "",
      "fullFile": "cypress\\e2e\\login.cy.js",
      "file": "cypress\\e2e\\login.cy.js",
      "beforeHooks": [],
      "afterHooks": [],
      "tests": [],
      "suites": [
        {
          "uuid": "dc5c6b03-c074-4ac5-ad32-6f4c40d048d2",
          "title": "Funcionalidade login",
          "fullFile": "",
          "file": "",
          "beforeHooks": [],
          "afterHooks": [],
          "tests": [
            {
              "title": "Deve fazer login com sucesso",
              "fullTitle": "Funcionalidade login Deve fazer login com sucesso",
              "timedOut": null,
              "duration": 9964,
              "state": "passed",
              "speed": "medium",
              "pass": true,
              "fail": false,
              "pending": false,
              "context": null,
              "code": "cy.get('[name=\"username\"]').type('teste_aluno11@teste.com');\ncy.get('.woocommerce-form > :nth-child(2) > [name=\"password\"]').type('teste@teste.com', {\n  log: false\n});\ncy.get('[name=\"login\"]').click();\ncy.get('a > .hidden-xs').should('contain', 'Welcome teste_aluno11 !');",
              "err": {},
              "uuid": "e38f5df1-b488-45ac-b8e7-8cfccaff07ec",
              "parentUUID": "dc5c6b03-c074-4ac5-ad32-6f4c40d048d2",
              "isHook": false,
              "skipped": false
            },
            {
              "title": "Deve fazer login com sucesso - Usando arquivos de dados",
              "fullTitle": "Funcionalidade login Deve fazer login com sucesso - Usando arquivos de dados",
              "timedOut": null,
              "duration": 5440,
              "state": "passed",
              "speed": "medium",
              "pass": true,
              "fail": false,
              "pending": false,
              "context": null,
              "code": "cy.get('[name=\"username\"]').type(_perfil.default.usuario);\ncy.get('.woocommerce-form > :nth-child(2) > [name=\"password\"]').type(_perfil.default.senha, {\n  log: false\n});\ncy.get('[name=\"login\"]').click();\ncy.get('a > .hidden-xs').should('contain', 'Welcome teste_aluno11 !');",
              "err": {},
              "uuid": "7d613f88-6f09-4516-a3a8-97ae61745c66",
              "parentUUID": "dc5c6b03-c074-4ac5-ad32-6f4c40d048d2",
              "isHook": false,
              "skipped": false
            },
            {
              "title": "Deve fazer login com sucesso - Usando fixture",
              "fullTitle": "Funcionalidade login Deve fazer login com sucesso - Usando fixture",
              "timedOut": null,
              "duration": 5357,
              "state": "passed",
              "speed": "medium",
              "pass": true,
              "fail": false,
              "pending": false,
              "context": null,
              "code": "cy.fixture('perfil').then(dados => {\n  cy.get('[name=\"username\"]').type(dados.usuario);\n  cy.get('.woocommerce-form > :nth-child(2) > [name=\"password\"]').type(dados.senha, {\n    log: false\n  });\n  cy.get('[name=\"login\"]').click();\n  cy.get('a > .hidden-xs').should('contain', 'Welcome teste_aluno11 !');\n});",
              "err": {},
              "uuid": "033d42ff-cd23-4e60-bf8a-9471bedfaf75",
              "parentUUID": "dc5c6b03-c074-4ac5-ad32-6f4c40d048d2",
              "isHook": false,
              "skipped": false
            },
            {
              "title": "Senha inválida",
              "fullTitle": "Funcionalidade login Senha inválida",
              "timedOut": null,
              "duration": 4444,
              "state": "passed",
              "speed": "fast",
              "pass": true,
              "fail": false,
              "pending": false,
              "context": null,
              "code": "cy.get('[name=\"username\"]').type('teste_aluno11@teste.com');\ncy.get('.woocommerce-form > :nth-child(2) > [name=\"password\"]').type('testeteste.com', {\n  log: false\n});\ncy.get('[name=\"login\"]').click();\ncy.get('.woocommerce-error > li').should('contain', 'Erro: A senha fornecida para o e-mail teste_aluno11@teste.com está incorreta. Perdeu a senha?');\ncy.get('.topbar-inner > :nth-child(1) > .list-inline > :nth-child(2) > a').should('contain', 'Login');",
              "err": {},
              "uuid": "c410f4c0-aa46-4a25-b409-c3a8a8b6e159",
              "parentUUID": "dc5c6b03-c074-4ac5-ad32-6f4c40d048d2",
              "isHook": false,
              "skipped": false
            },
            {
              "title": "Email inválido",
              "fullTitle": "Funcionalidade login Email inválido",
              "timedOut": null,
              "duration": 4054,
              "state": "passed",
              "speed": "fast",
              "pass": true,
              "fail": false,
              "pending": false,
              "context": null,
              "code": "cy.get('[name=\"username\"]').type('ebac@teste.com');\ncy.get('.woocommerce-form > :nth-child(2) > [name=\"password\"]').type('teste@teste.com', {\n  log: false\n});\ncy.get('[name=\"login\"]').click();\ncy.get('.woocommerce-error > li').should('contain', 'Endereço de e-mail desconhecido. Verifique novamente ou tente seu nome de usuário.');\ncy.get('.topbar-inner > :nth-child(1) > .list-inline > :nth-child(2) > a').should('contain', 'Login');",
              "err": {},
              "uuid": "735eb647-84b3-4b6c-9f37-32942e1bb4f7",
              "parentUUID": "dc5c6b03-c074-4ac5-ad32-6f4c40d048d2",
              "isHook": false,
              "skipped": false
            }
          ],
          "suites": [],
          "passes": [
            "e38f5df1-b488-45ac-b8e7-8cfccaff07ec",
            "7d613f88-6f09-4516-a3a8-97ae61745c66",
            "033d42ff-cd23-4e60-bf8a-9471bedfaf75",
            "c410f4c0-aa46-4a25-b409-c3a8a8b6e159",
            "735eb647-84b3-4b6c-9f37-32942e1bb4f7"
          ],
          "failures": [],
          "pending": [],
          "skipped": [],
          "duration": 29259,
          "root": false,
          "rootEmpty": false,
          "_timeout": 2000
        }
      ],
      "passes": [],
      "failures": [],
      "pending": [],
      "skipped": [],
      "duration": 0,
      "root": true,
      "rootEmpty": true,
      "_timeout": 2000
    },
    {
      "uuid": "40f616b7-2827-457e-8e99-d70f23318696",
      "title": "",
      "fullFile": "cypress\\e2e\\pre-cadastro.cy.js",
      "file": "cypress\\e2e\\pre-cadastro.cy.js",
      "beforeHooks": [],
      "afterHooks": [],
      "tests": [],
      "suites": [
        {
          "uuid": "6e959d6b-3bac-41e9-b6c9-5cac539d91bc",
          "title": "Funcionalidade Pré-Cadastro",
          "fullFile": "",
          "file": "",
          "beforeHooks": [],
          "afterHooks": [],
          "tests": [
            {
              "title": "Deve completar o pré cadastro com sucesso usando comandos personalizados",
              "fullTitle": "Funcionalidade Pré-Cadastro Deve completar o pré cadastro com sucesso usando comandos personalizados",
              "timedOut": null,
              "duration": 14269,
              "state": "passed",
              "speed": "slow",
              "pass": true,
              "fail": false,
              "pending": false,
              "context": null,
              "code": "cy.preCadastro(email, password, firstName, lastName);",
              "err": {},
              "uuid": "72b313f7-2ccc-4ead-a700-ffb553454b42",
              "parentUUID": "6e959d6b-3bac-41e9-b6c9-5cac539d91bc",
              "isHook": false,
              "skipped": false
            }
          ],
          "suites": [],
          "passes": [
            "72b313f7-2ccc-4ead-a700-ffb553454b42"
          ],
          "failures": [],
          "pending": [],
          "skipped": [],
          "duration": 14269,
          "root": false,
          "rootEmpty": false,
          "_timeout": 2000
        }
      ],
      "passes": [],
      "failures": [],
      "pending": [],
      "skipped": [],
      "duration": 0,
      "root": true,
      "rootEmpty": true,
      "_timeout": 2000
    },
    {
      "uuid": "7911ad74-6cb6-43b2-ba26-37f0609d64e8",
      "title": "",
      "fullFile": "cypress\\e2e\\produtos.cy.js",
      "file": "cypress\\e2e\\produtos.cy.js",
      "beforeHooks": [],
      "afterHooks": [],
      "tests": [],
      "suites": [
        {
          "uuid": "a60209a6-b366-4146-854a-5b90f866adf3",
          "title": "Funcionalidade - Página de produtos",
          "fullFile": "",
          "file": "",
          "beforeHooks": [],
          "afterHooks": [],
          "tests": [
            {
              "title": "Deve selecionar um produto da lista",
              "fullTitle": "Funcionalidade - Página de produtos Deve selecionar um produto da lista",
              "timedOut": null,
              "duration": 6361,
              "state": "passed",
              "speed": "medium",
              "pass": true,
              "fail": false,
              "pending": false,
              "context": null,
              "code": "cy.get('.product-block')\n//.first()\n//.last()\n//.eq(3)\n.contains('Ariel Roll Sleeve Sweatshirt').click();",
              "err": {},
              "uuid": "2ff0aca0-e3d5-4af9-9e8a-99824b514e32",
              "parentUUID": "a60209a6-b366-4146-854a-5b90f866adf3",
              "isHook": false,
              "skipped": false
            },
            {
              "title": "Deve adicionar produtos ao carrinho",
              "fullTitle": "Funcionalidade - Página de produtos Deve adicionar produtos ao carrinho",
              "timedOut": null,
              "duration": 9331,
              "state": "passed",
              "speed": "medium",
              "pass": true,
              "fail": false,
              "pending": false,
              "context": null,
              "code": "var quantidade = 3;\ncy.get('.product-block').contains('Argus All-Weather Tank').click();\ncy.get('.button-variable-item-XS').click();\ncy.get(':nth-child(2) > .value > .variable-items-wrapper > .variable-item').click();\ncy.get('[name=\"quantity\"]').clear().type(quantidade);\ncy.get('.single_add_to_cart_button').click();\ncy.get('.dropdown-toggle > .mini-cart-items').should('contain', quantidade);\ncy.get('.woocommerce-message').should('contain', quantidade + ' × “Argus All-Weather Tank” foram adicionados no seu carrinho.');",
              "err": {},
              "uuid": "b3b3b340-92b4-4879-bcde-6da1a0b625ba",
              "parentUUID": "a60209a6-b366-4146-854a-5b90f866adf3",
              "isHook": false,
              "skipped": false
            },
            {
              "title": "Deve adicionar produtos ao carrinho usando comandos personalizados",
              "fullTitle": "Funcionalidade - Página de produtos Deve adicionar produtos ao carrinho usando comandos personalizados",
              "timedOut": null,
              "duration": 7722,
              "state": "passed",
              "speed": "medium",
              "pass": true,
              "fail": false,
              "pending": false,
              "context": null,
              "code": "var quantidade = 2;\nvar nomeProduto = 'Aero Daily Fitness Tee';\nvar tamanho = 'XS';\nvar cor = 'Yellow';\ncy.addProdutos(nomeProduto, quantidade, tamanho, cor);\ncy.get('.dropdown-toggle > .mini-cart-items').should('contain', quantidade);\ncy.get('.woocommerce-message').should('contain', `${quantidade} × “${nomeProduto}” foram adicionados no seu carrinho.`);",
              "err": {},
              "uuid": "6cb5cea3-6440-4d76-ab36-312b5e511bdd",
              "parentUUID": "a60209a6-b366-4146-854a-5b90f866adf3",
              "isHook": false,
              "skipped": false
            },
            {
              "title": "Deve adicionar produtos ao carrinho usando comandos personalizados",
              "fullTitle": "Funcionalidade - Página de produtos Deve adicionar produtos ao carrinho usando comandos personalizados",
              "timedOut": null,
              "duration": 7500,
              "state": "passed",
              "speed": "medium",
              "pass": true,
              "fail": false,
              "pending": false,
              "context": null,
              "code": "var quantidade = 2;\nvar nomeProduto = 'Aether Gym Pant';\nvar tamanho = '32';\nvar cor = 'Brown';\ncy.addProdutos(nomeProduto, quantidade, tamanho, cor);\ncy.get('.dropdown-toggle > .mini-cart-items').should('contain', quantidade);\ncy.get('.woocommerce-message').should('contain', `“${nomeProduto}” foram adicionados no seu carrinho.`);",
              "err": {},
              "uuid": "f239cdd5-e4e4-4bab-b804-83178a0ffe99",
              "parentUUID": "a60209a6-b366-4146-854a-5b90f866adf3",
              "isHook": false,
              "skipped": false
            }
          ],
          "suites": [],
          "passes": [
            "2ff0aca0-e3d5-4af9-9e8a-99824b514e32",
            "b3b3b340-92b4-4879-bcde-6da1a0b625ba",
            "6cb5cea3-6440-4d76-ab36-312b5e511bdd",
            "f239cdd5-e4e4-4bab-b804-83178a0ffe99"
          ],
          "failures": [],
          "pending": [],
          "skipped": [],
          "duration": 30914,
          "root": false,
          "rootEmpty": false,
          "_timeout": 2000
        }
      ],
      "passes": [],
      "failures": [],
      "pending": [],
      "skipped": [],
      "duration": 0,
      "root": true,
      "rootEmpty": true,
      "_timeout": 2000
    }
  ],
  "meta": {
    "mocha": {
      "version": "7.2.0"
    },
    "mochawesome": {
      "options": {
        "quiet": false,
        "reportFilename": "mochawesome",
        "saveHtml": true,
        "saveJson": true,
        "consoleReporter": "spec",
        "useInlineDiffs": false,
        "code": true
      },
      "version": "7.1.3"
    },
    "marge": {
      "options": {
        "reportDir": "cypress/reports",
        "overwrite": false,
        "html": true,
        "json": true
      },
      "version": "6.2.0"
    }
  }
}