{
  "stats": {
    "suites": 1,
    "tests": 5,
    "passes": 5,
    "pending": 0,
    "failures": 0,
    "start": "2025-08-31T23:16:57.817Z",
    "end": "2025-08-31T23:17:27.813Z",
    "duration": 29996,
    "testsRegistered": 5,
    "passPercent": 100,
    "pendingPercent": 0,
    "other": 0,
    "hasOther": false,
    "skipped": 0,
    "hasSkipped": false
  },
  "results": [
    {
      "uuid": "3bbb8747-27a1-4779-862c-ba32b2c2ace5",
      "title": "",
      "fullFile": "cypress\\e2e\\login.cy.js",
      "file": "cypress\\e2e\\login.cy.js",
      "beforeHooks": [],
      "afterHooks": [],
      "tests": [],
      "suites": [
        {
          "uuid": "dc5c6b03-c074-4ac5-ad32-6f4c40d048d2",
          "title": "Funcionalidade login",
          "fullFile": "",
          "file": "",
          "beforeHooks": [],
          "afterHooks": [],
          "tests": [
            {
              "title": "Deve fazer login com sucesso",
              "fullTitle": "Funcionalidade login Deve fazer login com sucesso",
              "timedOut": null,
              "duration": 9964,
              "state": "passed",
              "speed": "medium",
              "pass": true,
              "fail": false,
              "pending": false,
              "context": null,
              "code": "cy.get('[name=\"username\"]').type('teste_aluno11@teste.com');\ncy.get('.woocommerce-form > :nth-child(2) > [name=\"password\"]').type('teste@teste.com', {\n  log: false\n});\ncy.get('[name=\"login\"]').click();\ncy.get('a > .hidden-xs').should('contain', 'Welcome teste_aluno11 !');",
              "err": {},
              "uuid": "e38f5df1-b488-45ac-b8e7-8cfccaff07ec",
              "parentUUID": "dc5c6b03-c074-4ac5-ad32-6f4c40d048d2",
              "isHook": false,
              "skipped": false
            },
            {
              "title": "Deve fazer login com sucesso - Usando arquivos de dados",
              "fullTitle": "Funcionalidade login Deve fazer login com sucesso - Usando arquivos de dados",
              "timedOut": null,
              "duration": 5440,
              "state": "passed",
              "speed": "medium",
              "pass": true,
              "fail": false,
              "pending": false,
              "context": null,
              "code": "cy.get('[name=\"username\"]').type(_perfil.default.usuario);\ncy.get('.woocommerce-form > :nth-child(2) > [name=\"password\"]').type(_perfil.default.senha, {\n  log: false\n});\ncy.get('[name=\"login\"]').click();\ncy.get('a > .hidden-xs').should('contain', 'Welcome teste_aluno11 !');",
              "err": {},
              "uuid": "7d613f88-6f09-4516-a3a8-97ae61745c66",
              "parentUUID": "dc5c6b03-c074-4ac5-ad32-6f4c40d048d2",
              "isHook": false,
              "skipped": false
            },
            {
              "title": "Deve fazer login com sucesso - Usando fixture",
              "fullTitle": "Funcionalidade login Deve fazer login com sucesso - Usando fixture",
              "timedOut": null,
              "duration": 5357,
              "state": "passed",
              "speed": "medium",
              "pass": true,
              "fail": false,
              "pending": false,
              "context": null,
              "code": "cy.fixture('perfil').then(dados => {\n  cy.get('[name=\"username\"]').type(dados.usuario);\n  cy.get('.woocommerce-form > :nth-child(2) > [name=\"password\"]').type(dados.senha, {\n    log: false\n  });\n  cy.get('[name=\"login\"]').click();\n  cy.get('a > .hidden-xs').should('contain', 'Welcome teste_aluno11 !');\n});",
              "err": {},
              "uuid": "033d42ff-cd23-4e60-bf8a-9471bedfaf75",
              "parentUUID": "dc5c6b03-c074-4ac5-ad32-6f4c40d048d2",
              "isHook": false,
              "skipped": false
            },
            {
              "title": "Senha inválida",
              "fullTitle": "Funcionalidade login Senha inválida",
              "timedOut": null,
              "duration": 4444,
              "state": "passed",
              "speed": "fast",
              "pass": true,
              "fail": false,
              "pending": false,
              "context": null,
              "code": "cy.get('[name=\"username\"]').type('teste_aluno11@teste.com');\ncy.get('.woocommerce-form > :nth-child(2) > [name=\"password\"]').type('testeteste.com', {\n  log: false\n});\ncy.get('[name=\"login\"]').click();\ncy.get('.woocommerce-error > li').should('contain', 'Erro: A senha fornecida para o e-mail teste_aluno11@teste.com está incorreta. Perdeu a senha?');\ncy.get('.topbar-inner > :nth-child(1) > .list-inline > :nth-child(2) > a').should('contain', 'Login');",
              "err": {},
              "uuid": "c410f4c0-aa46-4a25-b409-c3a8a8b6e159",
              "parentUUID": "dc5c6b03-c074-4ac5-ad32-6f4c40d048d2",
              "isHook": false,
              "skipped": false
            },
            {
              "title": "Email inválido",
              "fullTitle": "Funcionalidade login Email inválido",
              "timedOut": null,
              "duration": 4054,
              "state": "passed",
              "speed": "fast",
              "pass": true,
              "fail": false,
              "pending": false,
              "context": null,
              "code": "cy.get('[name=\"username\"]').type('ebac@teste.com');\ncy.get('.woocommerce-form > :nth-child(2) > [name=\"password\"]').type('teste@teste.com', {\n  log: false\n});\ncy.get('[name=\"login\"]').click();\ncy.get('.woocommerce-error > li').should('contain', 'Endereço de e-mail desconhecido. Verifique novamente ou tente seu nome de usuário.');\ncy.get('.topbar-inner > :nth-child(1) > .list-inline > :nth-child(2) > a').should('contain', 'Login');",
              "err": {},
              "uuid": "735eb647-84b3-4b6c-9f37-32942e1bb4f7",
              "parentUUID": "dc5c6b03-c074-4ac5-ad32-6f4c40d048d2",
              "isHook": false,
              "skipped": false
            }
          ],
          "suites": [],
          "passes": [
            "e38f5df1-b488-45ac-b8e7-8cfccaff07ec",
            "7d613f88-6f09-4516-a3a8-97ae61745c66",
            "033d42ff-cd23-4e60-bf8a-9471bedfaf75",
            "c410f4c0-aa46-4a25-b409-c3a8a8b6e159",
            "735eb647-84b3-4b6c-9f37-32942e1bb4f7"
          ],
          "failures": [],
          "pending": [],
          "skipped": [],
          "duration": 29259,
          "root": false,
          "rootEmpty": false,
          "_timeout": 2000
        }
      ],
      "passes": [],
      "failures": [],
      "pending": [],
      "skipped": [],
      "duration": 0,
      "root": true,
      "rootEmpty": true,
      "_timeout": 2000
    }
  ],
  "meta": {
    "mocha": {
      "version": "7.2.0"
    },
    "mochawesome": {
      "options": {
        "quiet": false,
        "reportFilename": "mochawesome",
        "saveHtml": true,
        "saveJson": true,
        "consoleReporter": "spec",
        "useInlineDiffs": false,
        "code": true
      },
      "version": "7.1.3"
    },
    "marge": {
      "options": {
        "reportDir": "cypress/reports",
        "overwrite": false,
        "html": true,
        "json": true
      },
      "version": "6.2.0"
    }
  }
}