{
  "stats": {
    "suites": 1,
    "tests": 1,
    "passes": 1,
    "pending": 0,
    "failures": 0,
    "start": "2025-08-31T23:17:37.474Z",
    "end": "2025-08-31T23:17:51.902Z",
    "duration": 14428,
    "testsRegistered": 1,
    "passPercent": 100,
    "pendingPercent": 0,
    "other": 0,
    "hasOther": false,
    "skipped": 0,
    "hasSkipped": false
  },
  "results": [
    {
      "uuid": "40f616b7-2827-457e-8e99-d70f23318696",
      "title": "",
      "fullFile": "cypress\\e2e\\pre-cadastro.cy.js",
      "file": "cypress\\e2e\\pre-cadastro.cy.js",
      "beforeHooks": [],
      "afterHooks": [],
      "tests": [],
      "suites": [
        {
          "uuid": "6e959d6b-3bac-41e9-b6c9-5cac539d91bc",
          "title": "Funcionalidade Pré-Cadastro",
          "fullFile": "",
          "file": "",
          "beforeHooks": [],
          "afterHooks": [],
          "tests": [
            {
              "title": "Deve completar o pré cadastro com sucesso usando comandos personalizados",
              "fullTitle": "Funcionalidade Pré-Cadastro Deve completar o pré cadastro com sucesso usando comandos personalizados",
              "timedOut": null,
              "duration": 14269,
              "state": "passed",
              "speed": "slow",
              "pass": true,
              "fail": false,
              "pending": false,
              "context": null,
              "code": "cy.preCadastro(email, password, firstName, lastName);",
              "err": {},
              "uuid": "72b313f7-2ccc-4ead-a700-ffb553454b42",
              "parentUUID": "6e959d6b-3bac-41e9-b6c9-5cac539d91bc",
              "isHook": false,
              "skipped": false
            }
          ],
          "suites": [],
          "passes": [
            "72b313f7-2ccc-4ead-a700-ffb553454b42"
          ],
          "failures": [],
          "pending": [],
          "skipped": [],
          "duration": 14269,
          "root": false,
          "rootEmpty": false,
          "_timeout": 2000
        }
      ],
      "passes": [],
      "failures": [],
      "pending": [],
      "skipped": [],
      "duration": 0,
      "root": true,
      "rootEmpty": true,
      "_timeout": 2000
    }
  ],
  "meta": {
    "mocha": {
      "version": "7.2.0"
    },
    "mochawesome": {
      "options": {
        "quiet": false,
        "reportFilename": "mochawesome",
        "saveHtml": true,
        "saveJson": true,
        "consoleReporter": "spec",
        "useInlineDiffs": false,
        "code": true
      },
      "version": "7.1.3"
    },
    "marge": {
      "options": {
        "reportDir": "cypress/reports",
        "overwrite": false,
        "html": true,
        "json": true
      },
      "version": "6.2.0"
    }
  }
}