{
  "stats": {
    "suites": 1,
    "tests": 3,
    "passes": 3,
    "pending": 0,
    "failures": 0,
    "start": "2025-08-31T23:15:45.973Z",
    "end": "2025-08-31T23:16:53.828Z",
    "duration": 67855,
    "testsRegistered": 3,
    "passPercent": 100,
    "pendingPercent": 0,
    "other": 0,
    "hasOther": false,
    "skipped": 0,
    "hasSkipped": false
  },
  "results": [
    {
      "uuid": "cbab222d-6de4-45a3-bfe4-f4d3ad64d7f4",
      "title": "",
      "fullFile": "cypress\\e2e\\endereco.cy.js",
      "file": "cypress\\e2e\\endereco.cy.js",
      "beforeHooks": [],
      "afterHooks": [],
      "tests": [],
      "suites": [
        {
          "uuid": "48a32a61-1aca-4521-812c-d55fd78a6a98",
          "title": "Funcionalidade endereço - Faturamento e entrega",
          "fullFile": "",
          "file": "",
          "beforeHooks": [],
          "afterHooks": [],
          "tests": [
            {
              "title": "Deve fazer cadastro de faturamento com sucesso",
              "fullTitle": "Funcionalidade endereço - Faturamento e entrega Deve fazer cadastro de faturamento com sucesso",
              "timedOut": null,
              "duration": 18013,
              "state": "passed",
              "speed": "slow",
              "pass": true,
              "fail": false,
              "pending": false,
              "context": null,
              "code": "_endereco.default.editarEnderecoFaturamento('Teste', 'Qualitativo', 'TesteInternacional', 'Brasil', 'Av Paulista', 'Unidade01', 'São Paulo', 'São Paulo', '01310-000', '99999-9999', 'teste_aluno11@teste.com');\ncy.get('.woocommerce-message').should('contain', 'Endereço alterado com sucesso.');",
              "err": {},
              "uuid": "f7795a09-ba45-402a-a7e9-f1846e1d5367",
              "parentUUID": "48a32a61-1aca-4521-812c-d55fd78a6a98",
              "isHook": false,
              "skipped": false
            },
            {
              "title": "Deve fazer cadastro de faturamento com sucesso - Usando arquivos de dados",
              "fullTitle": "Funcionalidade endereço - Faturamento e entrega Deve fazer cadastro de faturamento com sucesso - Usando arquivos de dados",
              "timedOut": null,
              "duration": 13097,
              "state": "passed",
              "speed": "slow",
              "pass": true,
              "fail": false,
              "pending": false,
              "context": null,
              "code": "_endereco.default.editarEnderecoFaturamento(dadosEndereco[1].nome, dadosEndereco[1].sobrenome, dadosEndereco[1].empresa, dadosEndereco[1].pais, dadosEndereco[1].endereco, dadosEndereco[1].complementar, dadosEndereco[1].cidade, dadosEndereco[1].estado, dadosEndereco[1].cep, dadosEndereco[1].telefone, dadosEndereco[1].email);\ncy.get('.woocommerce-message').should('contain', 'Endereço alterado com sucesso.');",
              "err": {},
              "uuid": "cd660601-d2f1-4c88-a08d-89957399b428",
              "parentUUID": "48a32a61-1aca-4521-812c-d55fd78a6a98",
              "isHook": false,
              "skipped": false
            },
            {
              "title": "Deve fazer múltiplos cadastro de faturamento com sucesso - Usando arquivos de dados",
              "fullTitle": "Funcionalidade endereço - Faturamento e entrega Deve fazer múltiplos cadastro de faturamento com sucesso - Usando arquivos de dados",
              "timedOut": null,
              "duration": 36356,
              "state": "passed",
              "speed": "slow",
              "pass": true,
              "fail": false,
              "pending": false,
              "context": null,
              "code": "for (var i = 0; i < dadosEndereco.length; i++) {\n  _endereco.default.editarEnderecoFaturamento(dadosEndereco[i].nome, dadosEndereco[i].sobrenome, dadosEndereco[i].empresa, dadosEndereco[i].pais, dadosEndereco[i].endereco, dadosEndereco[i].complementar, dadosEndereco[i].cidade, dadosEndereco[i].estado, dadosEndereco[i].cep, dadosEndereco[i].telefone, dadosEndereco[i].email);\n  cy.get('.woocommerce-message').should('contain', 'Endereço alterado com sucesso.');\n}",
              "err": {},
              "uuid": "2b7a2446-9a0b-4556-be4f-7f2fd217c185",
              "parentUUID": "48a32a61-1aca-4521-812c-d55fd78a6a98",
              "isHook": false,
              "skipped": false
            }
          ],
          "suites": [],
          "passes": [
            "f7795a09-ba45-402a-a7e9-f1846e1d5367",
            "cd660601-d2f1-4c88-a08d-89957399b428",
            "2b7a2446-9a0b-4556-be4f-7f2fd217c185"
          ],
          "failures": [],
          "pending": [],
          "skipped": [],
          "duration": 67466,
          "root": false,
          "rootEmpty": false,
          "_timeout": 2000
        }
      ],
      "passes": [],
      "failures": [],
      "pending": [],
      "skipped": [],
      "duration": 0,
      "root": true,
      "rootEmpty": true,
      "_timeout": 2000
    }
  ],
  "meta": {
    "mocha": {
      "version": "7.2.0"
    },
    "mochawesome": {
      "options": {
        "quiet": false,
        "reportFilename": "mochawesome",
        "saveHtml": true,
        "saveJson": true,
        "consoleReporter": "spec",
        "useInlineDiffs": false,
        "code": true
      },
      "version": "7.1.3"
    },
    "marge": {
      "options": {
        "reportDir": "cypress/reports",
        "overwrite": false,
        "html": true,
        "json": true
      },
      "version": "6.2.0"
    }
  }
}